1730946938.436250 client started (198903): version 3.5a, socket /run/user/1000/tmux-1000/default, protocol 8
1730946938.436287 on Linux 6.6.59 #1-NixOS SMP PREEMPT_DYNAMIC Fri Nov  1 00:58:34 UTC 2024
1730946938.436291 using libevent 2.1.12-stable poll
1730946938.436301 using utf8proc 2.9.0
1730946938.436303 using ncurses 6.4 20221231
1730946938.436321 flags are 0x10010000
1730946938.436336 socket is /run/user/1000/tmux-1000/default
1730946938.436350 trying connect
1730946938.436442 add peer 0xb76e7f0: 6 ((nil))
1730946938.436854 sending message 111 to peer 0xb76e7f0 (8 bytes)
1730946938.436863 sending message 111 to peer 0xb76e7f0 (8 bytes)
1730946938.436867 sending message 101 to peer 0xb76e7f0 (14 bytes)
1730946938.436870 sending message 109 to peer 0xb76e7f0 (4 bytes)
1730946938.436873 sending message 102 to peer 0xb76e7f0 (12 bytes)
1730946938.436876 sending message 108 to peer 0xb76e7f0 (18 bytes)
1730946938.436879 sending message 112 to peer 0xb76e7f0 (70 bytes)
1730946938.436882 sending message 112 to peer 0xb76e7f0 (5 bytes)
1730946938.436884 sending message 112 to peer 0xb76e7f0 (5 bytes)
1730946938.436887 sending message 112 to peer 0xb76e7f0 (6 bytes)
1730946938.436890 sending message 112 to peer 0xb76e7f0 (6 bytes)
1730946938.436893 sending message 112 to peer 0xb76e7f0 (11 bytes)
1730946938.436896 sending message 112 to peer 0xb76e7f0 (10 bytes)
1730946938.436899 sending message 112 to peer 0xb76e7f0 (13 bytes)
1730946938.436901 sending message 112 to peer 0xb76e7f0 (13 bytes)
1730946938.436904 sending message 112 to peer 0xb76e7f0 (18 bytes)
1730946938.436907 sending message 112 to peer 0xb76e7f0 (11 bytes)
1730946938.436909 sending message 112 to peer 0xb76e7f0 (10 bytes)
1730946938.436912 sending message 112 to peer 0xb76e7f0 (15 bytes)
1730946938.436915 sending message 112 to peer 0xb76e7f0 (21 bytes)
1730946938.436917 sending message 112 to peer 0xb76e7f0 (13 bytes)
1730946938.436920 sending message 112 to peer 0xb76e7f0 (7 bytes)
1730946938.436923 sending message 112 to peer 0xb76e7f0 (13 bytes)
1730946938.436926 sending message 112 to peer 0xb76e7f0 (7 bytes)
1730946938.436928 sending message 112 to peer 0xb76e7f0 (13 bytes)
1730946938.436931 sending message 112 to peer 0xb76e7f0 (9 bytes)
1730946938.436934 sending message 112 to peer 0xb76e7f0 (21 bytes)
1730946938.436936 sending message 112 to peer 0xb76e7f0 (13 bytes)
1730946938.436939 sending message 112 to peer 0xb76e7f0 (8 bytes)
1730946938.436942 sending message 112 to peer 0xb76e7f0 (12 bytes)
1730946938.436945 sending message 112 to peer 0xb76e7f0 (13 bytes)
1730946938.436948 sending message 112 to peer 0xb76e7f0 (9 bytes)
1730946938.436950 sending message 112 to peer 0xb76e7f0 (9 bytes)
1730946938.436953 sending message 112 to peer 0xb76e7f0 (12 bytes)
1730946938.436955 sending message 112 to peer 0xb76e7f0 (8 bytes)
1730946938.436958 sending message 112 to peer 0xb76e7f0 (8 bytes)
1730946938.436961 sending message 112 to peer 0xb76e7f0 (7 bytes)
1730946938.436964 sending message 112 to peer 0xb76e7f0 (7 bytes)
1730946938.436966 sending message 112 to peer 0xb76e7f0 (9 bytes)
1730946938.436969 sending message 112 to peer 0xb76e7f0 (13 bytes)
1730946938.436972 sending message 112 to peer 0xb76e7f0 (6 bytes)
1730946938.436974 sending message 112 to peer 0xb76e7f0 (9 bytes)
1730946938.436977 sending message 112 to peer 0xb76e7f0 (15 bytes)
1730946938.436980 sending message 112 to peer 0xb76e7f0 (13 bytes)
1730946938.436982 sending message 112 to peer 0xb76e7f0 (12 bytes)
1730946938.436985 sending message 112 to peer 0xb76e7f0 (8 bytes)
1730946938.436988 sending message 112 to peer 0xb76e7f0 (14 bytes)
1730946938.436990 sending message 112 to peer 0xb76e7f0 (11 bytes)
1730946938.436993 sending message 112 to peer 0xb76e7f0 (9 bytes)
1730946938.436996 sending message 112 to peer 0xb76e7f0 (10 bytes)
1730946938.436999 sending message 112 to peer 0xb76e7f0 (10 bytes)
1730946938.437002 sending message 112 to peer 0xb76e7f0 (10 bytes)
1730946938.437004 sending message 112 to peer 0xb76e7f0 (10 bytes)
1730946938.437007 sending message 112 to peer 0xb76e7f0 (11 bytes)
1730946938.437019 sending message 112 to peer 0xb76e7f0 (12 bytes)
1730946938.437022 sending message 112 to peer 0xb76e7f0 (12 bytes)
1730946938.437025 sending message 112 to peer 0xb76e7f0 (12 bytes)
1730946938.437028 sending message 112 to peer 0xb76e7f0 (12 bytes)
1730946938.437031 sending message 112 to peer 0xb76e7f0 (12 bytes)
1730946938.437034 sending message 112 to peer 0xb76e7f0 (11 bytes)
1730946938.437036 sending message 112 to peer 0xb76e7f0 (11 bytes)
1730946938.437039 sending message 112 to peer 0xb76e7f0 (12 bytes)
1730946938.437042 sending message 112 to peer 0xb76e7f0 (12 bytes)
1730946938.437045 sending message 112 to peer 0xb76e7f0 (12 bytes)
1730946938.437048 sending message 112 to peer 0xb76e7f0 (12 bytes)
1730946938.437051 sending message 112 to peer 0xb76e7f0 (12 bytes)
1730946938.437053 sending message 112 to peer 0xb76e7f0 (10 bytes)
1730946938.437056 sending message 112 to peer 0xb76e7f0 (12 bytes)
1730946938.437059 sending message 112 to peer 0xb76e7f0 (13 bytes)
1730946938.437062 sending message 112 to peer 0xb76e7f0 (13 bytes)
1730946938.437065 sending message 112 to peer 0xb76e7f0 (13 bytes)
1730946938.437083 sending message 112 to peer 0xb76e7f0 (13 bytes)
1730946938.437086 sending message 112 to peer 0xb76e7f0 (13 bytes)
1730946938.437089 sending message 112 to peer 0xb76e7f0 (8 bytes)
1730946938.437092 sending message 112 to peer 0xb76e7f0 (11 bytes)
1730946938.437095 sending message 112 to peer 0xb76e7f0 (11 bytes)
1730946938.437098 sending message 112 to peer 0xb76e7f0 (11 bytes)
1730946938.437101 sending message 112 to peer 0xb76e7f0 (12 bytes)
1730946938.437103 sending message 112 to peer 0xb76e7f0 (12 bytes)
1730946938.437106 sending message 112 to peer 0xb76e7f0 (12 bytes)
1730946938.437109 sending message 112 to peer 0xb76e7f0 (12 bytes)
1730946938.437112 sending message 112 to peer 0xb76e7f0 (13 bytes)
1730946938.437114 sending message 112 to peer 0xb76e7f0 (13 bytes)
1730946938.437117 sending message 112 to peer 0xb76e7f0 (13 bytes)
1730946938.437120 sending message 112 to peer 0xb76e7f0 (8 bytes)
1730946938.437123 sending message 112 to peer 0xb76e7f0 (13 bytes)
1730946938.437126 sending message 112 to peer 0xb76e7f0 (13 bytes)
1730946938.437128 sending message 112 to peer 0xb76e7f0 (13 bytes)
1730946938.437131 sending message 112 to peer 0xb76e7f0 (13 bytes)
1730946938.437134 sending message 112 to peer 0xb76e7f0 (13 bytes)
1730946938.437137 sending message 112 to peer 0xb76e7f0 (12 bytes)
1730946938.437139 sending message 112 to peer 0xb76e7f0 (12 bytes)
1730946938.437142 sending message 112 to peer 0xb76e7f0 (12 bytes)
1730946938.437145 sending message 112 to peer 0xb76e7f0 (12 bytes)
1730946938.437148 sending message 112 to peer 0xb76e7f0 (13 bytes)
1730946938.437151 sending message 112 to peer 0xb76e7f0 (8 bytes)
1730946938.437153 sending message 112 to peer 0xb76e7f0 (13 bytes)
1730946938.437156 sending message 112 to peer 0xb76e7f0 (13 bytes)
1730946938.437159 sending message 112 to peer 0xb76e7f0 (13 bytes)
1730946938.437162 sending message 112 to peer 0xb76e7f0 (13 bytes)
1730946938.437165 sending message 112 to peer 0xb76e7f0 (13 bytes)
1730946938.437167 sending message 112 to peer 0xb76e7f0 (13 bytes)
1730946938.437170 sending message 112 to peer 0xb76e7f0 (13 bytes)
1730946938.437173 sending message 112 to peer 0xb76e7f0 (12 bytes)
1730946938.437176 sending message 112 to peer 0xb76e7f0 (12 bytes)
1730946938.437178 sending message 112 to peer 0xb76e7f0 (12 bytes)
1730946938.437181 sending message 112 to peer 0xb76e7f0 (8 bytes)
1730946938.437184 sending message 112 to peer 0xb76e7f0 (12 bytes)
1730946938.437187 sending message 112 to peer 0xb76e7f0 (13 bytes)
1730946938.437190 sending message 112 to peer 0xb76e7f0 (13 bytes)
1730946938.437192 sending message 112 to peer 0xb76e7f0 (13 bytes)
1730946938.437195 sending message 112 to peer 0xb76e7f0 (13 bytes)
1730946938.437198 sending message 112 to peer 0xb76e7f0 (13 bytes)
1730946938.437201 sending message 112 to peer 0xb76e7f0 (13 bytes)
1730946938.437203 sending message 112 to peer 0xb76e7f0 (13 bytes)
1730946938.437211 sending message 112 to peer 0xb76e7f0 (13 bytes)
1730946938.437214 sending message 112 to peer 0xb76e7f0 (12 bytes)
1730946938.437217 sending message 112 to peer 0xb76e7f0 (10 bytes)
1730946938.437220 sending message 112 to peer 0xb76e7f0 (12 bytes)
1730946938.437223 sending message 112 to peer 0xb76e7f0 (12 bytes)
1730946938.437226 sending message 112 to peer 0xb76e7f0 (12 bytes)
1730946938.437228 sending message 112 to peer 0xb76e7f0 (13 bytes)
1730946938.437231 sending message 112 to peer 0xb76e7f0 (13 bytes)
1730946938.437234 sending message 112 to peer 0xb76e7f0 (13 bytes)
1730946938.437237 sending message 112 to peer 0xb76e7f0 (13 bytes)
1730946938.437239 sending message 112 to peer 0xb76e7f0 (13 bytes)
1730946938.437242 sending message 112 to peer 0xb76e7f0 (13 bytes)
1730946938.437245 sending message 112 to peer 0xb76e7f0 (13 bytes)
1730946938.437247 sending message 112 to peer 0xb76e7f0 (10 bytes)
1730946938.437250 sending message 112 to peer 0xb76e7f0 (13 bytes)
1730946938.437253 sending message 112 to peer 0xb76e7f0 (12 bytes)
1730946938.437256 sending message 112 to peer 0xb76e7f0 (12 bytes)
1730946938.437258 sending message 112 to peer 0xb76e7f0 (12 bytes)
1730946938.437261 sending message 112 to peer 0xb76e7f0 (10 bytes)
1730946938.437264 sending message 112 to peer 0xb76e7f0 (10 bytes)
1730946938.437267 sending message 112 to peer 0xb76e7f0 (10 bytes)
1730946938.437269 sending message 112 to peer 0xb76e7f0 (12 bytes)
1730946938.437272 sending message 112 to peer 0xb76e7f0 (13 bytes)
1730946938.437275 sending message 112 to peer 0xb76e7f0 (13 bytes)
1730946938.437277 sending message 112 to peer 0xb76e7f0 (13 bytes)
1730946938.437280 sending message 112 to peer 0xb76e7f0 (13 bytes)
1730946938.437283 sending message 112 to peer 0xb76e7f0 (13 bytes)
1730946938.437286 sending message 112 to peer 0xb76e7f0 (11 bytes)
1730946938.437288 sending message 112 to peer 0xb76e7f0 (11 bytes)
1730946938.437291 sending message 112 to peer 0xb76e7f0 (12 bytes)
1730946938.437294 sending message 112 to peer 0xb76e7f0 (12 bytes)
1730946938.437297 sending message 112 to peer 0xb76e7f0 (12 bytes)
1730946938.437299 sending message 112 to peer 0xb76e7f0 (12 bytes)
1730946938.437302 sending message 112 to peer 0xb76e7f0 (12 bytes)
1730946938.437305 sending message 112 to peer 0xb76e7f0 (11 bytes)
1730946938.437307 sending message 112 to peer 0xb76e7f0 (12 bytes)
1730946938.437310 sending message 112 to peer 0xb76e7f0 (12 bytes)
1730946938.437313 sending message 112 to peer 0xb76e7f0 (13 bytes)
1730946938.437316 sending message 112 to peer 0xb76e7f0 (13 bytes)
1730946938.437318 sending message 112 to peer 0xb76e7f0 (13 bytes)
1730946938.437321 sending message 112 to peer 0xb76e7f0 (13 bytes)
1730946938.437324 sending message 112 to peer 0xb76e7f0 (13 bytes)
1730946938.437327 sending message 112 to peer 0xb76e7f0 (10 bytes)
1730946938.437329 sending message 112 to peer 0xb76e7f0 (9 bytes)
1730946938.437332 sending message 112 to peer 0xb76e7f0 (12 bytes)
1730946938.437335 sending message 112 to peer 0xb76e7f0 (13 bytes)
1730946938.437338 sending message 112 to peer 0xb76e7f0 (13 bytes)
1730946938.437340 sending message 112 to peer 0xb76e7f0 (13 bytes)
1730946938.437343 sending message 112 to peer 0xb76e7f0 (13 bytes)
1730946938.437346 sending message 112 to peer 0xb76e7f0 (13 bytes)
1730946938.437348 sending message 112 to peer 0xb76e7f0 (9 bytes)
1730946938.437351 sending message 112 to peer 0xb76e7f0 (12 bytes)
1730946938.437354 sending message 112 to peer 0xb76e7f0 (13 bytes)
1730946938.437357 sending message 112 to peer 0xb76e7f0 (13 bytes)
1730946938.437359 sending message 112 to peer 0xb76e7f0 (13 bytes)
1730946938.437362 sending message 112 to peer 0xb76e7f0 (13 bytes)
1730946938.437365 sending message 112 to peer 0xb76e7f0 (13 bytes)
1730946938.437368 sending message 112 to peer 0xb76e7f0 (11 bytes)
1730946938.437370 sending message 112 to peer 0xb76e7f0 (12 bytes)
1730946938.437373 sending message 112 to peer 0xb76e7f0 (13 bytes)
1730946938.437376 sending message 112 to peer 0xb76e7f0 (13 bytes)
1730946938.437379 sending message 112 to peer 0xb76e7f0 (13 bytes)
1730946938.437385 sending message 112 to peer 0xb76e7f0 (13 bytes)
1730946938.437388 sending message 112 to peer 0xb76e7f0 (13 bytes)
1730946938.437391 sending message 112 to peer 0xb76e7f0 (11 bytes)
1730946938.437394 sending message 112 to peer 0xb76e7f0 (12 bytes)
1730946938.437396 sending message 112 to peer 0xb76e7f0 (12 bytes)
1730946938.437399 sending message 112 to peer 0xb76e7f0 (12 bytes)
1730946938.437402 sending message 112 to peer 0xb76e7f0 (12 bytes)
1730946938.437405 sending message 112 to peer 0xb76e7f0 (12 bytes)
1730946938.437408 sending message 112 to peer 0xb76e7f0 (21 bytes)
1730946938.437411 sending message 112 to peer 0xb76e7f0 (12 bytes)
1730946938.437414 sending message 112 to peer 0xb76e7f0 (9 bytes)
1730946938.437417 sending message 112 to peer 0xb76e7f0 (6 bytes)
1730946938.437419 sending message 112 to peer 0xb76e7f0 (13 bytes)
1730946938.437422 sending message 112 to peer 0xb76e7f0 (8 bytes)
1730946938.437425 sending message 112 to peer 0xb76e7f0 (15 bytes)
1730946938.437428 sending message 112 to peer 0xb76e7f0 (13 bytes)
1730946938.437431 sending message 112 to peer 0xb76e7f0 (9 bytes)
1730946938.437434 sending message 112 to peer 0xb76e7f0 (70 bytes)
1730946938.437437 sending message 112 to peer 0xb76e7f0 (69 bytes)
1730946938.437440 sending message 112 to peer 0xb76e7f0 (10 bytes)
1730946938.437443 sending message 112 to peer 0xb76e7f0 (10 bytes)
1730946938.437446 sending message 112 to peer 0xb76e7f0 (8 bytes)
1730946938.437449 sending message 112 to peer 0xb76e7f0 (15 bytes)
1730946938.437452 sending message 112 to peer 0xb76e7f0 (13 bytes)
1730946938.437455 sending message 112 to peer 0xb76e7f0 (10 bytes)
1730946938.437458 sending message 112 to peer 0xb76e7f0 (10 bytes)
1730946938.437460 sending message 112 to peer 0xb76e7f0 (17 bytes)
1730946938.437463 sending message 112 to peer 0xb76e7f0 (10 bytes)
1730946938.437466 sending message 112 to peer 0xb76e7f0 (13 bytes)
1730946938.437469 sending message 112 to peer 0xb76e7f0 (9 bytes)
1730946938.437472 sending message 112 to peer 0xb76e7f0 (5 bytes)
1730946938.437475 sending message 112 to peer 0xb76e7f0 (15 bytes)
1730946938.437479 sending message 104 to peer 0xb76e7f0 (0 bytes)
1730946938.437482 sending message 110 to peer 0xb76e7f0 (0 bytes)
1730946938.437486 sending message 107 to peer 0xb76e7f0 (4 bytes)
1730946938.437489 sending message 105 to peer 0xb76e7f0 (22 bytes)
1730946938.437492 sending message 105 to peer 0xb76e7f0 (23 bytes)
1730946938.437495 sending message 105 to peer 0xb76e7f0 (30 bytes)
1730946938.437498 sending message 105 to peer 0xb76e7f0 (17 bytes)
1730946938.437501 sending message 105 to peer 0xb76e7f0 (60 bytes)
1730946938.437504 sending message 105 to peer 0xb76e7f0 (85 bytes)
1730946938.437507 sending message 105 to peer 0xb76e7f0 (48 bytes)
1730946938.437510 sending message 105 to peer 0xb76e7f0 (20 bytes)
1730946938.437513 sending message 105 to peer 0xb76e7f0 (79 bytes)
1730946938.437516 sending message 105 to peer 0xb76e7f0 (54 bytes)
1730946938.437519 sending message 105 to peer 0xb76e7f0 (11 bytes)
1730946938.437522 sending message 105 to peer 0xb76e7f0 (12 bytes)
1730946938.437524 sending message 105 to peer 0xb76e7f0 (16 bytes)
1730946938.437527 sending message 105 to peer 0xb76e7f0 (14 bytes)
1730946938.437530 sending message 105 to peer 0xb76e7f0 (8 bytes)
1730946938.437533 sending message 105 to peer 0xb76e7f0 (696 bytes)
1730946938.437537 sending message 105 to peer 0xb76e7f0 (17 bytes)
1730946938.437540 sending message 105 to peer 0xb76e7f0 (55 bytes)
1730946938.437543 sending message 105 to peer 0xb76e7f0 (19 bytes)
1730946938.437546 sending message 105 to peer 0xb76e7f0 (29 bytes)
1730946938.437548 sending message 105 to peer 0xb76e7f0 (95 bytes)
1730946938.437551 sending message 105 to peer 0xb76e7f0 (17 bytes)
1730946938.437554 sending message 105 to peer 0xb76e7f0 (23 bytes)
1730946938.437557 sending message 105 to peer 0xb76e7f0 (24 bytes)
1730946938.437560 sending message 105 to peer 0xb76e7f0 (20 bytes)
1730946938.437563 sending message 105 to peer 0xb76e7f0 (23 bytes)
1730946938.437570 sending message 105 to peer 0xb76e7f0 (26 bytes)
1730946938.437573 sending message 105 to peer 0xb76e7f0 (16 bytes)
1730946938.437576 sending message 105 to peer 0xb76e7f0 (230 bytes)
1730946938.437579 sending message 105 to peer 0xb76e7f0 (17 bytes)
1730946938.437582 sending message 105 to peer 0xb76e7f0 (21 bytes)
1730946938.437585 sending message 105 to peer 0xb76e7f0 (574 bytes)
1730946938.437588 sending message 105 to peer 0xb76e7f0 (11 bytes)
1730946938.437591 sending message 105 to peer 0xb76e7f0 (27 bytes)
1730946938.437594 sending message 105 to peer 0xb76e7f0 (25 bytes)
1730946938.437597 sending message 105 to peer 0xb76e7f0 (15 bytes)
1730946938.437600 sending message 105 to peer 0xb76e7f0 (38 bytes)
1730946938.437603 sending message 105 to peer 0xb76e7f0 (218 bytes)
1730946938.437606 sending message 105 to peer 0xb76e7f0 (18 bytes)
1730946938.437608 sending message 105 to peer 0xb76e7f0 (38 bytes)
1730946938.437611 sending message 105 to peer 0xb76e7f0 (87 bytes)
1730946938.437615 sending message 105 to peer 0xb76e7f0 (15 bytes)
1730946938.437618 sending message 105 to peer 0xb76e7f0 (112 bytes)
1730946938.437621 sending message 105 to peer 0xb76e7f0 (15 bytes)
1730946938.437624 sending message 105 to peer 0xb76e7f0 (64 bytes)
1730946938.437627 sending message 105 to peer 0xb76e7f0 (30 bytes)
1730946938.437630 sending message 105 to peer 0xb76e7f0 (170 bytes)
1730946938.437633 sending message 105 to peer 0xb76e7f0 (25 bytes)
1730946938.437636 sending message 105 to peer 0xb76e7f0 (20 bytes)
1730946938.437638 sending message 105 to peer 0xb76e7f0 (104 bytes)
1730946938.437641 sending message 105 to peer 0xb76e7f0 (20 bytes)
1730946938.437644 sending message 105 to peer 0xb76e7f0 (20 bytes)
1730946938.437647 sending message 105 to peer 0xb76e7f0 (26 bytes)
1730946938.437650 sending message 105 to peer 0xb76e7f0 (84 bytes)
1730946938.437653 sending message 105 to peer 0xb76e7f0 (18 bytes)
1730946938.437655 sending message 105 to peer 0xb76e7f0 (11 bytes)
1730946938.437658 sending message 105 to peer 0xb76e7f0 (64 bytes)
1730946938.437661 sending message 105 to peer 0xb76e7f0 (13 bytes)
1730946938.437664 sending message 105 to peer 0xb76e7f0 (58 bytes)
1730946938.437667 sending message 105 to peer 0xb76e7f0 (76 bytes)
1730946938.437675 sending message 105 to peer 0xb76e7f0 (72 bytes)
1730946938.437679 sending message 105 to peer 0xb76e7f0 (266 bytes)
1730946938.437682 sending message 105 to peer 0xb76e7f0 (94 bytes)
1730946938.437685 sending message 105 to peer 0xb76e7f0 (21 bytes)
1730946938.437688 sending message 105 to peer 0xb76e7f0 (20 bytes)
1730946938.437691 sending message 105 to peer 0xb76e7f0 (31 bytes)
1730946938.437694 sending message 105 to peer 0xb76e7f0 (21 bytes)
1730946938.437696 sending message 105 to peer 0xb76e7f0 (30 bytes)
1730946938.437699 sending message 105 to peer 0xb76e7f0 (14 bytes)
1730946938.437702 sending message 105 to peer 0xb76e7f0 (31 bytes)
1730946938.437705 sending message 105 to peer 0xb76e7f0 (419 bytes)
1730946938.437708 sending message 105 to peer 0xb76e7f0 (20 bytes)
1730946938.437710 sending message 105 to peer 0xb76e7f0 (11 bytes)
1730946938.437713 sending message 105 to peer 0xb76e7f0 (689 bytes)
1730946938.437716 sending message 105 to peer 0xb76e7f0 (304 bytes)
1730946938.437722 sending message 105 to peer 0xb76e7f0 (35 bytes)
1730946938.437726 sending message 105 to peer 0xb76e7f0 (45 bytes)
1730946938.437728 sending message 105 to peer 0xb76e7f0 (25 bytes)
1730946938.437731 sending message 105 to peer 0xb76e7f0 (43 bytes)
1730946938.437734 sending message 105 to peer 0xb76e7f0 (17 bytes)
1730946938.437737 sending message 105 to peer 0xb76e7f0 (91 bytes)
1730946938.437740 sending message 105 to peer 0xb76e7f0 (103 bytes)
1730946938.437742 sending message 105 to peer 0xb76e7f0 (27 bytes)
1730946938.437745 sending message 105 to peer 0xb76e7f0 (27 bytes)
1730946938.437748 sending message 105 to peer 0xb76e7f0 (31 bytes)
1730946938.437751 sending message 105 to peer 0xb76e7f0 (83 bytes)
1730946938.437754 sending message 105 to peer 0xb76e7f0 (90 bytes)
1730946938.437760 sending message 105 to peer 0xb76e7f0 (261 bytes)
1730946938.437763 sending message 106 to peer 0xb76e7f0 (0 bytes)
1730946938.437846 sending message 200 to peer 0xb76e7f0 (4 bytes)
1730946938.437851 client loop enter
1730946938.441464 peer 0xb76e7f0 message 303
1730946938.441494 open write file 2 -
1730946938.441509 sending message 305 to peer 0xb76e7f0 (8 bytes)
1730946938.441526 write check file 2
1730946938.441748 peer 0xb76e7f0 message 304
1730946938.441751 write 58 to file 2
1730946938.441754 peer 0xb76e7f0 message 203
1730946938.441757 file 2 58 bytes left
1730946938.441770 write check file 2
1730946938.441772 client loop exit
