I [13:42:28] --layout                       wide
I [13:42:28] --layout-alt                   left
I [13:42:28] --stack                        dwindle
I [13:42:28] --count-master                 1
I [13:42:28] --ratio-master                 0.6
I [13:42:28] --count-wide-left              0
I [13:42:28] --ratio-wide                   0.35
I [13:42:28] --no-smart-gaps
I [13:42:28] --inner-gaps                   0
I [13:42:28] --outer-gaps                   0
I [13:42:28] --border-width                 3
I [13:42:28] --border-width-monocle         0
I [13:42:28] --border-width-smart-gaps      0
I [13:42:28] --border-color-focused         0xe0def4
I [13:42:28] --border-color-focused-monocle 0x586e75
I [13:42:28] --border-color-unfocused       0x6e6a86
I [13:42:28] --log-threshold                info
I [13:42:28] wideriver started
[2024-12-16 13:42:28.781] [info] Using configuration file /home/fbwdw/.config/waybar/config
[2024-12-16 13:42:28.782] [info] Unable to receive desktop appearance: GDBus.Error:org.freedesktop.DBus.Error.UnknownMethod: No such interface “org.freedesktop.portal.Settings” on object at path /org/freedesktop/portal/desktop
[2024-12-16 13:42:28.782] [info] Using CSS file /home/fbwdw/.config/waybar/style.css
[2024-12-16 13:42:28.914] [info] Bar configured (width: 42, height: 1200) for output: eDP-1
[2024-12-16 13:42:38.884] [info] Bar configured (width: 38, height: 1200) for output: eDP-1
[2024-12-16 13:42:43.477] [warning] Requested width: 38 is less than the minimum width: 42 required by the modules
[2024-12-16 13:42:43.477] [info] Bar configured (width: 42, height: 1200) for output: eDP-1
[2024-12-16 13:45:09.655] [info] Bar configured (width: 38, height: 1200) for output: eDP-1
[2024-12-16 13:47:36.803] [warning] Requested width: 38 is less than the minimum width: 42 required by the modules
[2024-12-16 13:47:36.803] [info] Bar configured (width: 42, height: 1200) for output: eDP-1
[2024-12-16 13:47:37.264] [info] Bar configured (width: 38, height: 1200) for output: eDP-1
[2024-12-16 13:47:38.258] [warning] Requested width: 38 is less than the minimum width: 42 required by the modules
[2024-12-16 13:47:38.258] [info] Bar configured (width: 42, height: 1200) for output: eDP-1
[2024-12-16 13:47:39.039] [info] Bar configured (width: 38, height: 1200) for output: eDP-1
[2024-12-16 13:48:32.090] [warning] Requested width: 38 is less than the minimum width: 42 required by the modules
[2024-12-16 13:48:32.090] [info] Bar configured (width: 42, height: 1200) for output: eDP-1
[2024-12-16 13:48:32.672] [info] Bar configured (width: 38, height: 1200) for output: eDP-1
[2024-12-16 13:50:39.800] [warning] Requested width: 38 is less than the minimum width: 42 required by the modules
[2024-12-16 13:50:39.800] [info] Bar configured (width: 42, height: 1200) for output: eDP-1
[2024-12-16 14:02:56.034] [info] Bar configured (width: 38, height: 1200) for output: eDP-1
[2024-12-16 14:02:57.077] [warning] Requested width: 38 is less than the minimum width: 42 required by the modules
[2024-12-16 14:02:57.077] [info] Bar configured (width: 42, height: 1200) for output: eDP-1
[2024-12-16 14:05:31.028] [info] Bar configured (width: 38, height: 1200) for output: eDP-1
[2024-12-16 14:05:32.696] [warning] Requested width: 38 is less than the minimum width: 42 required by the modules
[2024-12-16 14:05:32.696] [info] Bar configured (width: 42, height: 1200) for output: eDP-1
[2024-12-16 14:05:33.665] [info] Bar configured (width: 38, height: 1200) for output: eDP-1
[2024-12-16 14:05:34.442] [warning] Requested width: 38 is less than the minimum width: 42 required by the modules
[2024-12-16 14:05:34.442] [info] Bar configured (width: 42, height: 1200) for output: eDP-1
[2024-12-16 14:05:35.110] [info] Bar configured (width: 38, height: 1200) for output: eDP-1
[2024-12-16 14:05:36.605] [warning] Requested width: 38 is less than the minimum width: 42 required by the modules
[2024-12-16 14:05:36.606] [info] Bar configured (width: 42, height: 1200) for output: eDP-1
[2024-12-16 14:05:37.246] [info] Bar configured (width: 38, height: 1200) for output: eDP-1
[2024-12-16 14:08:47.179] [warning] Requested width: 38 is less than the minimum width: 42 required by the modules
[2024-12-16 14:08:47.179] [info] Bar configured (width: 42, height: 1200) for output: eDP-1
[2024-12-16 14:08:47.724] [info] Bar configured (width: 38, height: 1200) for output: eDP-1
[2024-12-16 14:08:48.395] [warning] Requested width: 38 is less than the minimum width: 42 required by the modules
[2024-12-16 14:08:48.395] [info] Bar configured (width: 42, height: 1200) for output: eDP-1
[2024-12-16 14:08:48.941] [info] Bar configured (width: 38, height: 1200) for output: eDP-1
[2024-12-16 14:26:25.666] [warning] Requested width: 38 is less than the minimum width: 42 required by the modules
[2024-12-16 14:26:25.666] [info] Bar configured (width: 42, height: 1200) for output: eDP-1
[2024-12-16 14:26:27.860] [info] Bar configured (width: 38, height: 1200) for output: eDP-1
[2024-12-16 15:47:15.481] [warning] Requested width: 38 is less than the minimum width: 42 required by the modules
[2024-12-16 15:47:15.482] [info] Bar configured (width: 42, height: 1200) for output: eDP-1
[2024-12-16 15:47:16.545] [info] Bar configured (width: 38, height: 1200) for output: eDP-1
